C:\USERS\ALEX\DROPBOX\TESIS-ALEXANDER\GRAFOGENERALIZADO\GRAFOGENERALIZADOVC\GRAFOGENERALIZADOVC\DEBUG\MAIN.OBJ
C:\USERS\ALEX\DROPBOX\TESIS-ALEXANDER\GRAFOGENERALIZADO\GRAFOGENERALIZADOVC\GRAFOGENERALIZADOVC\DEBUG\VC110.PDB
C:\USERS\ALEX\DROPBOX\TESIS-ALEXANDER\GRAFOGENERALIZADO\GRAFOGENERALIZADOVC\DEBUG\GRAFOGENERALIZADOVC.ILK
C:\USERS\ALEX\DROPBOX\TESIS-ALEXANDER\GRAFOGENERALIZADO\GRAFOGENERALIZADOVC\DEBUG\GRAFOGENERALIZADOVC.EXE
C:\USERS\ALEX\DROPBOX\TESIS-ALEXANDER\GRAFOGENERALIZADO\GRAFOGENERALIZADOVC\DEBUG\GRAFOGENERALIZADOVC.PDB
C:\Users\alex\Dropbox\Tesis-Alexander\GrafoGeneralizado\GrafoGeneralizadoVC\GrafoGeneralizadoVC\Debug\main.obj
C:\Users\alex\Dropbox\Tesis-Alexander\GrafoGeneralizado\GrafoGeneralizadoVC\GrafoGeneralizadoVC\Debug\cl.command.1.tlog
C:\Users\alex\Dropbox\Tesis-Alexander\GrafoGeneralizado\GrafoGeneralizadoVC\GrafoGeneralizadoVC\Debug\CL.read.1.tlog
C:\Users\alex\Dropbox\Tesis-Alexander\GrafoGeneralizado\GrafoGeneralizadoVC\GrafoGeneralizadoVC\Debug\CL.write.1.tlog
C:\Users\alex\Dropbox\Tesis-Alexander\GrafoGeneralizado\GrafoGeneralizadoVC\GrafoGeneralizadoVC\Debug\link-cvtres.read.1.tlog
C:\Users\alex\Dropbox\Tesis-Alexander\GrafoGeneralizado\GrafoGeneralizadoVC\GrafoGeneralizadoVC\Debug\link-cvtres.write.1.tlog
C:\Users\alex\Dropbox\Tesis-Alexander\GrafoGeneralizado\GrafoGeneralizadoVC\GrafoGeneralizadoVC\Debug\link-rc.read.1.tlog
C:\Users\alex\Dropbox\Tesis-Alexander\GrafoGeneralizado\GrafoGeneralizadoVC\GrafoGeneralizadoVC\Debug\link-rc.write.1.tlog
C:\Users\alex\Dropbox\Tesis-Alexander\GrafoGeneralizado\GrafoGeneralizadoVC\GrafoGeneralizadoVC\Debug\link.command.1.tlog
C:\Users\alex\Dropbox\Tesis-Alexander\GrafoGeneralizado\GrafoGeneralizadoVC\GrafoGeneralizadoVC\Debug\link.read.1.tlog
C:\Users\alex\Dropbox\Tesis-Alexander\GrafoGeneralizado\GrafoGeneralizadoVC\GrafoGeneralizadoVC\Debug\link.write.1.tlog
C:\Users\alex\Dropbox\Tesis-Alexander\GrafoGeneralizado\GrafoGeneralizadoVC\GrafoGeneralizadoVC\Debug\vc110.idb
C:\Users\alex\Dropbox\Tesis-Alexander\GrafoGeneralizado\GrafoGeneralizadoVC\GrafoGeneralizadoVC\Debug\vc110.pdb
C:\Users\alex\Dropbox\Tesis-Alexander\GrafoGeneralizado\GrafoGeneralizadoVC\Debug\GrafoGeneralizadoVC.pdb
C:\Users\alex\Dropbox\Tesis-Alexander\GrafoGeneralizado\GrafoGeneralizadoVC\Debug\GrafoGeneralizadoVC.exe
C:\Users\alex\Dropbox\Tesis-Alexander\GrafoGeneralizado\GrafoGeneralizadoVC\Debug\GrafoGeneralizadoVC.ilk
